<?xml version="1.0" encoding="UTF-8"?>
<!-- Generated by org.testng.reporters.JUnitReportReporter -->
<testsuite hostname="LSTKEN70037" name="tests.NewTest" tests="1" failures="0" timestamp="31 Mar 2016 19:17:26 GMT" time="5.975" errors="0">
  <testcase name="testEasy" time="5.975" classname="tests.NewTest"/>
</testsuite> <!-- tests.NewTest -->
