<?xml version="1.0" encoding="UTF-8"?>
<!-- Generated by org.testng.reporters.JUnitReportReporter -->
<testsuite hostname="LSTKEN70037" name="tests.Substraction" tests="1" failures="0" timestamp="1 Apr 2016 00:16:42 GMT" time="0.718" errors="0">
  <testcase name="multiplicationOperation" time="0.718" classname="tests.Substraction"/>
</testsuite> <!-- tests.Substraction -->
