<?xml version="1.0" encoding="UTF-8"?>
<!-- Generated by org.testng.reporters.JUnitReportReporter -->
<testsuite skipped="1" hostname="DESKTOP-U5AST5H" name="tests.UltimateQAActions" tests="1" failures="0" timestamp="22 Sep 2019 04:23:30 GMT" time="0.000" errors="0">
  <testcase name="doSomething" time="0.000" classname="tests.UltimateQAActions">
    <skipped/>
  </testcase> <!-- doSomething -->
</testsuite> <!-- tests.UltimateQAActions -->
